# JRE version: Java(TM) SE Runtime Environment (8.0_251-b08) (build 1.8.0_251-b08)
# Java VM: Java HotSpot(TM) 64-Bit Server VM (25.251-b08 mixed mode windows-amd64 compressed oops)
Heap:
 PSYoungGen      total 184320K, used 50434K [0x00000000d5c00000, 0x00000000e4080000, 0x0000000100000000)
  eden space 173056K, 29% used [0x00000000d5c00000,0x00000000d8d40b08,0x00000000e0500000)
  from space 11264K, 0% used [0x00000000e0500000,0x00000000e0500000,0x00000000e1000000)
  to   space 9728K, 0% used [0x00000000e1000000,0x00000000e1000000,0x00000000e1980000)
 ParOldGen       total 58368K, used 22733K [0x0000000081400000, 0x0000000084d00000, 0x00000000d5c00000)
  object space 58368K, 38% used [0x0000000081400000,0x0000000082a33508,0x0000000084d00000)
 Metaspace       used 45054K, capacity 47281K, committed 47488K, reserved 1093632K
  class space    used 6390K, capacity 6776K, committed 6784K, reserved 1048576K
GC Heap History (10 events):
Event: 3.686 GC heap before
{Heap before GC invocations=8 (full 1):
 PSYoungGen      total 115200K, used 115046K [0x00000000d5c00000, 0x00000000dee00000, 0x0000000100000000)
  eden space 108544K, 100% used [0x00000000d5c00000,0x00000000dc600000,0x00000000dc600000)
  from space 6656K, 97% used [0x00000000de780000,0x00000000dedd9a80,0x00000000dee00000)
  to   space 9216K, 0% used [0x00000000ddc00000,0x00000000ddc00000,0x00000000de500000)
 ParOldGen       total 58368K, used 9212K [0x0000000081400000, 0x0000000084d00000, 0x00000000d5c00000)
  object space 58368K, 15% used [0x0000000081400000,0x0000000081cff390,0x0000000084d00000)
 Metaspace       used 28768K, capacity 30582K, committed 30720K, reserved 1075200K
  class space    used 3916K, capacity 4271K, committed 4352K, reserved 1048576K
Event: 3.695 GC heap after
Heap after GC invocations=8 (full 1):
 PSYoungGen      total 140288K, used 8587K [0x00000000d5c00000, 0x00000000e1980000, 0x0000000100000000)
  eden space 131072K, 0% used [0x00000000d5c00000,0x00000000d5c00000,0x00000000ddc00000)
  from space 9216K, 93% used [0x00000000ddc00000,0x00000000de462ff8,0x00000000de500000)
  to   space 9728K, 0% used [0x00000000e1000000,0x00000000e1000000,0x00000000e1980000)
 ParOldGen       total 58368K, used 9220K [0x0000000081400000, 0x0000000084d00000, 0x00000000d5c00000)
  object space 58368K, 15% used [0x0000000081400000,0x0000000081d01390,0x0000000084d00000)
 Metaspace       used 28768K, capacity 30582K, committed 30720K, reserved 1075200K
  class space    used 3916K, capacity 4271K, committed 4352K, reserved 1048576K
}
Event: 4.057 GC heap before
{Heap before GC invocations=9 (full 1):
 PSYoungGen      total 140288K, used 71982K [0x00000000d5c00000, 0x00000000e1980000, 0x0000000100000000)
  eden space 131072K, 48% used [0x00000000d5c00000,0x00000000d99e8bf8,0x00000000ddc00000)
  from space 9216K, 93% used [0x00000000ddc00000,0x00000000de462ff8,0x00000000de500000)
  to   space 9728K, 0% used [0x00000000e1000000,0x00000000e1000000,0x00000000e1980000)
 ParOldGen       total 58368K, used 9220K [0x0000000081400000, 0x0000000084d00000, 0x00000000d5c00000)
  object space 58368K, 15% used [0x0000000081400000,0x0000000081d01390,0x0000000084d00000)
 Metaspace       used 33437K, capacity 35312K, committed 35496K, reserved 1079296K
  class space    used 4658K, capacity 5002K, committed 5120K, reserved 1048576K
Event: 4.067 GC heap after
Heap after GC invocations=9 (full 1):
 PSYoungGen      total 182784K, used 9717K [0x00000000d5c00000, 0x00000000e4080000, 0x0000000100000000)
  eden space 173056K, 0% used [0x00000000d5c00000,0x00000000d5c00000,0x00000000e0500000)
  from space 9728K, 99% used [0x00000000e1000000,0x00000000e197d4c0,0x00000000e1980000)
  to   space 11264K, 0% used [0x00000000e0500000,0x00000000e0500000,0x00000000e1000000)
 ParOldGen       total 58368K, used 9574K [0x0000000081400000, 0x0000000084d00000, 0x00000000d5c00000)
  object space 58368K, 16% used [0x0000000081400000,0x0000000081d59918,0x0000000084d00000)
 Metaspace       used 33437K, capacity 35312K, committed 35496K, reserved 1079296K
  class space    used 4658K, capacity 5002K, committed 5120K, reserved 1048576K
}
Event: 4.067 GC heap before
{Heap before GC invocations=10 (full 2):
 PSYoungGen      total 182784K, used 9717K [0x00000000d5c00000, 0x00000000e4080000, 0x0000000100000000)
  eden space 173056K, 0% used [0x00000000d5c00000,0x00000000d5c00000,0x00000000e0500000)
  from space 9728K, 99% used [0x00000000e1000000,0x00000000e197d4c0,0x00000000e1980000)
  to   space 11264K, 0% used [0x00000000e0500000,0x00000000e0500000,0x00000000e1000000)
 ParOldGen       total 58368K, used 9574K [0x0000000081400000, 0x0000000084d00000, 0x00000000d5c00000)
  object space 58368K, 16% used [0x0000000081400000,0x0000000081d59918,0x0000000084d00000)
 Metaspace       used 33437K, capacity 35312K, committed 35496K, reserved 1079296K
  class space    used 4658K, capacity 5002K, committed 5120K, reserved 1048576K
Event: 4.130 GC heap after
Heap after GC invocations=10 (full 2):
 PSYoungGen      total 182784K, used 0K [0x00000000d5c00000, 0x00000000e4080000, 0x0000000100000000)
  eden space 173056K, 0% used [0x00000000d5c00000,0x00000000d5c00000,0x00000000e0500000)
  from space 9728K, 0% used [0x00000000e1000000,0x00000000e1000000,0x00000000e1980000)
  to   space 11264K, 0% used [0x00000000e0500000,0x00000000e0500000,0x00000000e1000000)
 ParOldGen       total 58368K, used 16021K [0x0000000081400000, 0x0000000084d00000, 0x00000000d5c00000)
  object space 58368K, 27% used [0x0000000081400000,0x00000000823a5570,0x0000000084d00000)
 Metaspace       used 33437K, capacity 35312K, committed 35496K, reserved 1079296K
  class space    used 4658K, capacity 5002K, committed 5120K, reserved 1048576K
}
Event: 5.100 GC heap before
{Heap before GC invocations=11 (full 2):
 PSYoungGen      total 182784K, used 137760K [0x00000000d5c00000, 0x00000000e4080000, 0x0000000100000000)
  eden space 173056K, 79% used [0x00000000d5c00000,0x00000000de288108,0x00000000e0500000)
  from space 9728K, 0% used [0x00000000e1000000,0x00000000e1000000,0x00000000e1980000)
  to   space 11264K, 0% used [0x00000000e0500000,0x00000000e0500000,0x00000000e1000000)
 ParOldGen       total 58368K, used 16021K [0x0000000081400000, 0x0000000084d00000, 0x00000000d5c00000)
  object space 58368K, 27% used [0x0000000081400000,0x00000000823a5570,0x0000000084d00000)
 Metaspace       used 42869K, capacity 44899K, committed 45184K, reserved 1097728K
  class space    used 6046K, capacity 6437K, committed 6528K, reserved 1048576K
Event: 5.109 GC heap after
Heap after GC invocations=11 (full 2):
 PSYoungGen      total 184320K, used 11240K [0x00000000d5c00000, 0x00000000e4080000, 0x0000000100000000)
  eden space 173056K, 0% used [0x00000000d5c00000,0x00000000d5c00000,0x00000000e0500000)
  from space 11264K, 99% used [0x00000000e0500000,0x00000000e0ffa168,0x00000000e1000000)
  to   space 9728K, 0% used [0x00000000e1000000,0x00000000e1000000,0x00000000e1980000)
 ParOldGen       total 58368K, used 16069K [0x0000000081400000, 0x0000000084d00000, 0x00000000d5c00000)
  object space 58368K, 27% used [0x0000000081400000,0x00000000823b1580,0x0000000084d00000)
 Metaspace       used 42869K, capacity 44899K, committed 45184K, reserved 1097728K
  class space    used 6046K, capacity 6437K, committed 6528K, reserved 1048576K
}
Event: 5.109 GC heap before
{Heap before GC invocations=12 (full 3):
 PSYoungGen      total 184320K, used 11240K [0x00000000d5c00000, 0x00000000e4080000, 0x0000000100000000)
  eden space 173056K, 0% used [0x00000000d5c00000,0x00000000d5c00000,0x00000000e0500000)
  from space 11264K, 99% used [0x00000000e0500000,0x00000000e0ffa168,0x00000000e1000000)
  to   space 9728K, 0% used [0x00000000e1000000,0x00000000e1000000,0x00000000e1980000)
 ParOldGen       total 58368K, used 16069K [0x0000000081400000, 0x0000000084d00000, 0x00000000d5c00000)
  object space 58368K, 27% used [0x0000000081400000,0x00000000823b1580,0x0000000084d00000)
 Metaspace       used 42869K, capacity 44899K, committed 45184K, reserved 1097728K
  class space    used 6046K, capacity 6437K, committed 6528K, reserved 1048576K
Event: 5.224 GC heap after
Heap after GC invocations=12 (full 3):
 PSYoungGen      total 184320K, used 0K [0x00000000d5c00000, 0x00000000e4080000, 0x0000000100000000)
  eden space 173056K, 0% used [0x00000000d5c00000,0x00000000d5c00000,0x00000000e0500000)
  from space 11264K, 0% used [0x00000000e0500000,0x00000000e0500000,0x00000000e1000000)
  to   space 9728K, 0% used [0x00000000e1000000,0x00000000e1000000,0x00000000e1980000)
 ParOldGen       total 58368K, used 22733K [0x0000000081400000, 0x0000000084d00000, 0x00000000d5c00000)
  object space 58368K, 38% used [0x0000000081400000,0x0000000082a33508,0x0000000084d00000)
 Metaspace       used 42869K, capacity 44899K, committed 45184K, reserved 1093632K
  class space    used 6046K, capacity 6437K, committed 6528K, reserved 1048576K
}

