# JRE version: Java(TM) SE Runtime Environment (8.0_251-b08) (build 1.8.0_251-b08)
# Java VM: Java HotSpot(TM) 64-Bit Server VM (25.251-b08 mixed mode windows-amd64 compressed oops)
Heap:
 PSYoungGen      total 139776K, used 114892K [0x00000000d5c00000, 0x00000000dfb00000, 0x0000000100000000)
  eden space 130560K, 81% used [0x00000000d5c00000,0x00000000dc3ae758,0x00000000ddb80000)
  from space 9216K, 94% used [0x00000000df200000,0x00000000dfa84b18,0x00000000dfb00000)
  to   space 10240K, 0% used [0x00000000de700000,0x00000000de700000,0x00000000df100000)
 ParOldGen       total 93696K, used 17351K [0x0000000081400000, 0x0000000086f80000, 0x00000000d5c00000)
  object space 93696K, 18% used [0x0000000081400000,0x00000000824f1f48,0x0000000086f80000)
 Metaspace       used 46739K, capacity 49168K, committed 49408K, reserved 1091584K
  class space    used 6611K, capacity 7051K, committed 7168K, reserved 1048576K
GC Heap History (10 events):
Event: 2.642 GC heap before
{Heap before GC invocations=8 (full 1):
 PSYoungGen      total 74240K, used 66048K [0x00000000d5c00000, 0x00000000dae00000, 0x0000000100000000)
  eden space 66048K, 100% used [0x00000000d5c00000,0x00000000d9c80000,0x00000000d9c80000)
  from space 8192K, 0% used [0x00000000da500000,0x00000000da500000,0x00000000dad00000)
  to   space 8704K, 0% used [0x00000000d9c80000,0x00000000d9c80000,0x00000000da500000)
 ParOldGen       total 56832K, used 8284K [0x0000000081400000, 0x0000000084b80000, 0x00000000d5c00000)
  object space 56832K, 14% used [0x0000000081400000,0x0000000081c173b0,0x0000000084b80000)
 Metaspace       used 24276K, capacity 25524K, committed 25728K, reserved 1071104K
  class space    used 3313K, capacity 3606K, committed 3712K, reserved 1048576K
Event: 2.647 GC heap after
Heap after GC invocations=8 (full 1):
 PSYoungGen      total 74752K, used 6435K [0x00000000d5c00000, 0x00000000dd480000, 0x0000000100000000)
  eden space 66048K, 0% used [0x00000000d5c00000,0x00000000d5c00000,0x00000000d9c80000)
  from space 8704K, 73% used [0x00000000d9c80000,0x00000000da2c8e60,0x00000000da500000)
  to   space 8704K, 0% used [0x00000000dcc00000,0x00000000dcc00000,0x00000000dd480000)
 ParOldGen       total 56832K, used 8292K [0x0000000081400000, 0x0000000084b80000, 0x00000000d5c00000)
  object space 56832K, 14% used [0x0000000081400000,0x0000000081c193b0,0x0000000084b80000)
 Metaspace       used 24276K, capacity 25524K, committed 25728K, reserved 1071104K
  class space    used 3313K, capacity 3606K, committed 3712K, reserved 1048576K
}
Event: 2.939 GC heap before
{Heap before GC invocations=9 (full 1):
 PSYoungGen      total 74752K, used 72477K [0x00000000d5c00000, 0x00000000dd480000, 0x0000000100000000)
  eden space 66048K, 99% used [0x00000000d5c00000,0x00000000d9c7e878,0x00000000d9c80000)
  from space 8704K, 73% used [0x00000000d9c80000,0x00000000da2c8e60,0x00000000da500000)
  to   space 8704K, 0% used [0x00000000dcc00000,0x00000000dcc00000,0x00000000dd480000)
 ParOldGen       total 56832K, used 8292K [0x0000000081400000, 0x0000000084b80000, 0x00000000d5c00000)
  object space 56832K, 14% used [0x0000000081400000,0x0000000081c193b0,0x0000000084b80000)
 Metaspace       used 26937K, capacity 28636K, committed 28800K, reserved 1075200K
  class space    used 3657K, capacity 3964K, committed 3968K, reserved 1048576K
Event: 2.945 GC heap after
Heap after GC invocations=9 (full 1):
 PSYoungGen      total 113664K, used 6435K [0x00000000d5c00000, 0x00000000dd380000, 0x0000000100000000)
  eden space 105984K, 0% used [0x00000000d5c00000,0x00000000d5c00000,0x00000000dc380000)
  from space 7680K, 83% used [0x00000000dcc00000,0x00000000dd248d10,0x00000000dd380000)
  to   space 8192K, 0% used [0x00000000dc380000,0x00000000dc380000,0x00000000dcb80000)
 ParOldGen       total 56832K, used 8300K [0x0000000081400000, 0x0000000084b80000, 0x00000000d5c00000)
  object space 56832K, 14% used [0x0000000081400000,0x0000000081c1b3b0,0x0000000084b80000)
 Metaspace       used 26937K, capacity 28636K, committed 28800K, reserved 1075200K
  class space    used 3657K, capacity 3964K, committed 3968K, reserved 1048576K
}
Event: 3.575 GC heap before
{Heap before GC invocations=10 (full 1):
 PSYoungGen      total 113664K, used 109781K [0x00000000d5c00000, 0x00000000dd380000, 0x0000000100000000)
  eden space 105984K, 97% used [0x00000000d5c00000,0x00000000dc0ec900,0x00000000dc380000)
  from space 7680K, 83% used [0x00000000dcc00000,0x00000000dd248d10,0x00000000dd380000)
  to   space 8192K, 0% used [0x00000000dc380000,0x00000000dc380000,0x00000000dcb80000)
 ParOldGen       total 56832K, used 8300K [0x0000000081400000, 0x0000000084b80000, 0x00000000d5c00000)
  object space 56832K, 14% used [0x0000000081400000,0x0000000081c1b3b0,0x0000000084b80000)
 Metaspace       used 33446K, capacity 35316K, committed 35496K, reserved 1079296K
  class space    used 4657K, capacity 5002K, committed 5120K, reserved 1048576K
Event: 3.585 GC heap after
Heap after GC invocations=10 (full 1):
 PSYoungGen      total 114176K, used 8187K [0x00000000d5c00000, 0x00000000dfc00000, 0x0000000100000000)
  eden space 105984K, 0% used [0x00000000d5c00000,0x00000000d5c00000,0x00000000dc380000)
  from space 8192K, 99% used [0x00000000dc380000,0x00000000dcb7ee48,0x00000000dcb80000)
  to   space 10240K, 0% used [0x00000000df200000,0x00000000df200000,0x00000000dfc00000)
 ParOldGen       total 56832K, used 11490K [0x0000000081400000, 0x0000000084b80000, 0x00000000d5c00000)
  object space 56832K, 20% used [0x0000000081400000,0x0000000081f38a70,0x0000000084b80000)
 Metaspace       used 33446K, capacity 35316K, committed 35496K, reserved 1079296K
  class space    used 4657K, capacity 5002K, committed 5120K, reserved 1048576K
}
Event: 3.585 GC heap before
{Heap before GC invocations=11 (full 2):
 PSYoungGen      total 114176K, used 8187K [0x00000000d5c00000, 0x00000000dfc00000, 0x0000000100000000)
  eden space 105984K, 0% used [0x00000000d5c00000,0x00000000d5c00000,0x00000000dc380000)
  from space 8192K, 99% used [0x00000000dc380000,0x00000000dcb7ee48,0x00000000dcb80000)
  to   space 10240K, 0% used [0x00000000df200000,0x00000000df200000,0x00000000dfc00000)
 ParOldGen       total 56832K, used 11490K [0x0000000081400000, 0x0000000084b80000, 0x00000000d5c00000)
  object space 56832K, 20% used [0x0000000081400000,0x0000000081f38a70,0x0000000084b80000)
 Metaspace       used 33446K, capacity 35316K, committed 35496K, reserved 1079296K
  class space    used 4657K, capacity 5002K, committed 5120K, reserved 1048576K
Event: 3.649 GC heap after
Heap after GC invocations=11 (full 2):
 PSYoungGen      total 114176K, used 0K [0x00000000d5c00000, 0x00000000dfc00000, 0x0000000100000000)
  eden space 105984K, 0% used [0x00000000d5c00000,0x00000000d5c00000,0x00000000dc380000)
  from space 8192K, 0% used [0x00000000dc380000,0x00000000dc380000,0x00000000dcb80000)
  to   space 10240K, 0% used [0x00000000df200000,0x00000000df200000,0x00000000dfc00000)
 ParOldGen       total 93696K, used 17343K [0x0000000081400000, 0x0000000086f80000, 0x00000000d5c00000)
  object space 93696K, 18% used [0x0000000081400000,0x00000000824eff48,0x0000000086f80000)
 Metaspace       used 33446K, capacity 35316K, committed 35496K, reserved 1079296K
  class space    used 4657K, capacity 5002K, committed 5120K, reserved 1048576K
}
Event: 4.384 GC heap before
{Heap before GC invocations=12 (full 2):
 PSYoungGen      total 114176K, used 105984K [0x00000000d5c00000, 0x00000000dfc00000, 0x0000000100000000)
  eden space 105984K, 100% used [0x00000000d5c00000,0x00000000dc380000,0x00000000dc380000)
  from space 8192K, 0% used [0x00000000dc380000,0x00000000dc380000,0x00000000dcb80000)
  to   space 10240K, 0% used [0x00000000df200000,0x00000000df200000,0x00000000dfc00000)
 ParOldGen       total 93696K, used 17343K [0x0000000081400000, 0x0000000086f80000, 0x00000000d5c00000)
  object space 93696K, 18% used [0x0000000081400000,0x00000000824eff48,0x0000000086f80000)
 Metaspace       used 41607K, capacity 43588K, committed 43904K, reserved 1087488K
  class space    used 5851K, capacity 6226K, committed 6272K, reserved 1048576K
Event: 4.391 GC heap after
Heap after GC invocations=12 (full 2):
 PSYoungGen      total 139776K, used 8722K [0x00000000d5c00000, 0x00000000dfb00000, 0x0000000100000000)
  eden space 130560K, 0% used [0x00000000d5c00000,0x00000000d5c00000,0x00000000ddb80000)
  from space 9216K, 94% used [0x00000000df200000,0x00000000dfa84b18,0x00000000dfb00000)
  to   space 10240K, 0% used [0x00000000de700000,0x00000000de700000,0x00000000df100000)
 ParOldGen       total 93696K, used 17351K [0x0000000081400000, 0x0000000086f80000, 0x00000000d5c00000)
  object space 93696K, 18% used [0x0000000081400000,0x00000000824f1f48,0x0000000086f80000)
 Metaspace       used 41607K, capacity 43588K, committed 43904K, reserved 1087488K
  class space    used 5851K, capacity 6226K, committed 6272K, reserved 1048576K
}

